\BOOKMARK [0][]{chapter.1}{\376\377\0001\000\040\221\317\133\120\123\026\133\146\122\035\153\145}{}% 1
\BOOKMARK [1][]{section.1.1}{\376\377\0001\000.\0001\000\040\221\317\133\120\122\233\133\146\127\372\147\054\120\107\213\276}{chapter.1}% 2
\BOOKMARK [2][]{subsection.1.1.1}{\376\377\0001\000.\0001\000.\0001\000\040\140\001\123\340\122\240\123\237\164\006\116\016\133\214\131\007\140\047\120\107\213\276}{section.1.1}% 3
\BOOKMARK [2][]{subsection.1.1.2}{\376\377\0001\000.\0001\000.\0002\000\040\176\337\213\241\213\340\221\312\116\016\173\227\173\046}{section.1.1}% 4
\BOOKMARK [1][]{section.1.2}{\376\377\0001\000.\0002\000\040\210\150\214\141\164\006\213\272}{chapter.1}% 5
\BOOKMARK [2][]{subsection.1.2.1}{\376\377\0001\000.\0002\000.\0001\000\040\210\150\214\141\123\330\143\142}{section.1.2}% 6
\BOOKMARK [1][]{section.1.3}{\376\377\0001\000.\0003\000\040\133\371\146\023}{chapter.1}% 7
\BOOKMARK [1][]{section.1.4}{\376\377\0001\000.\0004\000\040\116\015\170\156\133\232\140\047\123\237\164\006}{chapter.1}% 8
\BOOKMARK [1][]{section.1.5}{\376\377\0001\000.\0005\000\040\205\233\133\232\214\024\145\271\172\013\000\050\000S\000c\000h\000r\000\366\000d\000i\000n\000g\000e\000r\000\040\000e\000q\000u\000a\000t\000i\000o\000n\000\051\377\032\116\316\176\317\121\170\122\233\133\146\137\000\131\313\163\034}{chapter.1}% 9
\BOOKMARK [1][]{section.1.6}{\376\377\0001\000.\0006\000\040\201\352\165\061\174\222\133\120}{chapter.1}% 10
\BOOKMARK [1][]{section.1.7}{\376\377\0001\000.\0007\000\040\136\163\122\250\221\317\133\120\123\026\040\024\040\024\122\277\173\261}{chapter.1}% 11
\BOOKMARK [2][]{subsection.1.7.1}{\376\377\0001\000.\0007\000.\0001\000\040\116\000\176\364\122\277\173\261}{section.1.7}% 12
\BOOKMARK [2][]{subsection.1.7.2}{\376\377\0001\000.\0007\000.\0002\000\040\116\011\176\364\122\277\173\261}{section.1.7}% 13
\BOOKMARK [1][]{section.1.8}{\376\377\0001\000.\0008\000\040\143\057\122\250\221\317\133\120\123\026\040\024\040\024\214\020\143\057\133\120}{chapter.1}% 14
\BOOKMARK [1][]{section.1.9}{\376\377\0001\000.\0009\000\040\217\154\122\250\221\317\133\120\123\026\040\024\040\024\122\032\140\047\217\154\133\120}{chapter.1}% 15
\BOOKMARK [1][]{section.1.10}{\376\377\0001\000.\0001\0000\000\040\154\042\123\237\133\120}{chapter.1}% 16
\BOOKMARK [2][]{subsection.1.10.1}{\376\377\0001\000.\0001\0000\000.\0001\000\040\154\042\123\237\133\120\205\233\133\232\214\024\145\271\172\013\154\102\211\343}{section.1.10}% 17
\BOOKMARK [2][]{subsection.1.10.2}{\376\377\0001\000.\0001\0000\000.\0002\000\040\133\236\060\001\131\015\217\150\220\123\377\037}{section.1.10}% 18
\BOOKMARK [1][]{section.1.11}{\376\377\0001\000.\0001\0001\000\040\165\065\133\120\201\352\145\313}{chapter.1}% 19
\BOOKMARK [2][]{subsection.1.11.1}{\376\377\0001\000.\0001\0001\000.\0001\000\040\000S\000U\000\050\0002\000\051\124\214\000S\000O\000\050\0003\000\051}{section.1.11}% 20
\BOOKMARK [1][]{section.1.12}{\376\377\0001\000.\0001\0002\000\040\123\125\150\070\131\032\165\065\133\120\117\123\174\373}{chapter.1}% 21
\BOOKMARK [2][]{subsection.1.12.1}{\376\377\0001\000.\0001\0002\000.\0001\000\040\154\342\140\151\000-\131\145\147\054\155\167\236\330\000\050\000B\000o\000r\000n\000-\000O\000p\000p\000e\000n\000h\000e\000i\000m\000e\000r\000\051\217\321\117\074}{section.1.12}% 22
\BOOKMARK [2][]{subsection.1.12.2}{\376\377\0001\000.\0001\0002\000.\0002\000\040\136\163\127\107\127\072\000\050\000M\000e\000a\000n\000\040\000f\000i\000e\000l\000d\000\051\217\321\117\074}{section.1.12}% 23
\BOOKMARK [2][]{subsection.1.12.3}{\376\377\0001\000.\0001\0002\000.\0003\000\040\174\222\133\120\121\150\124\014\140\047\116\016\154\341\122\051\116\015\166\370\133\271\123\237\164\006}{section.1.12}% 24
\BOOKMARK [2][]{subsection.1.12.4}{\376\377\0001\000.\0001\0002\000.\0004\000\040\123\314\201\352\145\313\117\123\174\373}{section.1.12}% 25
\BOOKMARK [2][]{subsection.1.12.5}{\376\377\0001\000.\0001\0002\000.\0005\000\040\000S\000l\000a\000t\000e\000r\000\040\210\114\122\027\137\017}{section.1.12}% 26
\BOOKMARK [2][]{subsection.1.12.6}{\376\377\0001\000.\0001\0002\000.\0006\000\040\154\046\123\237\133\120}{section.1.12}% 27
\BOOKMARK [1][]{section.1.13}{\376\377\0001\000.\0001\0003\000\040\123\237\133\120\121\111\214\061}{chapter.1}% 28
\BOOKMARK [2][]{subsection.1.13.1}{\376\377\0001\000.\0001\0003\000.\0001\000\040\000H\000u\000n\000d\211\304\122\031}{section.1.13}% 29
\BOOKMARK [1][]{section.1.14}{\376\377\0001\000.\0001\0004\000\040\131\032\150\070\174\222\133\120\117\123\174\373\040\024\040\024\176\277\140\047\123\330\122\006\154\325}{chapter.1}% 30
\BOOKMARK [1][]{section.1.15}{\376\377\0001\000.\0001\0005\000\040\213\241\173\227\123\026\133\146\121\145\225\350\122\115\166\204\127\253\201\032\167\363\116\012\166\204\202\171}{chapter.1}% 31
\BOOKMARK [2][]{subsection.1.15.1}{\376\377\0001\000.\0001\0005\000.\0001\000\040\000H\000a\000r\000t\000r\000e\000e\000-\000F\000o\000c\000k\145\271\154\325}{section.1.15}% 32
\BOOKMARK [2][]{subsection.1.15.2}{\376\377\0001\000.\0001\0005\000.\0002\000\040\000H\000a\000r\000t\000r\000e\000e\000-\000F\000o\000c\000k\040\023\000R\000o\000o\000t\000h\000a\000a\000n\145\271\154\325}{section.1.15}% 33
\BOOKMARK [2][]{subsection.1.15.3}{\376\377\0001\000.\0001\0005\000.\0003\000\040\220\350\122\006\127\372\176\304}{section.1.15}% 34
\BOOKMARK [1][]{section.1.16}{\376\377\0001\000.\0001\0006\000\040\122\006\133\120\121\111\214\061}{chapter.1}% 35
\BOOKMARK [2][]{subsection.1.16.1}{\376\377\0001\000.\0001\0006\000.\0001\000\040\123\314\123\237\133\120\122\006\133\120\121\111\214\061\133\236\117\213}{section.1.16}% 36
\BOOKMARK [1][]{section.1.17}{\376\377\0001\000.\0001\0007\000\040\137\256\142\160\164\006\213\272}{chapter.1}% 37
\BOOKMARK [2][]{subsection.1.17.1}{\376\377\0001\000.\0001\0007\000.\0001\000\040\227\136\173\200\136\166\133\232\140\001\137\256\142\160\164\006\213\272}{section.1.17}% 38
\BOOKMARK [2][]{subsection.1.17.2}{\376\377\0001\000.\0001\0007\000.\0002\000\040\116\000\226\066\000k\221\315\173\200\136\166\133\232\140\001\137\256\142\160\164\006\213\272}{section.1.17}% 39
\BOOKMARK [2][]{subsection.1.17.3}{\376\377\0001\000.\0001\0007\000.\0003\000\040\116\000\226\066\124\053\145\366\137\256\142\160\164\006\213\272}{section.1.17}% 40
\BOOKMARK [2][]{subsection.1.17.4}{\376\377\0001\000.\0001\0007\000.\0004\000\040\000M\000P\0002}{section.1.17}% 41
\BOOKMARK [2][]{subsection.1.17.5}{\376\377\0001\000.\0001\0007\000.\0005\000\040\153\324\134\024\000-\147\027\117\057\133\232\137\213}{section.1.17}% 42
\BOOKMARK [1][]{section.1.18}{\376\377\0001\000.\0001\0008\000\040\226\104\137\125\000I\000:\116\000\160\271\145\160\133\146\377\010\137\256\171\357\122\006\176\277\116\343\116\300\116\110\166\204\201\352\135\361\123\273\167\013\116\146\377\011}{chapter.1}% 43
\BOOKMARK [2][]{subsection.1.18.1}{\376\377\0001\000.\0001\0008\000.\0001\000\040\123\330\221\317\122\006\171\273}{section.1.18}% 44
\BOOKMARK [2][]{subsection.1.18.2}{\376\377\0001\000.\0001\0008\000.\0002\000\040\164\003\127\120\150\007\116\013\166\204\142\311\146\156\142\311\145\257\173\227\173\046\134\125\137\000}{section.1.18}% 45
\BOOKMARK [1][]{section.1.19}{\376\377\0001\000.\0001\0009\000\040\226\104\137\125\000I\000I\000:\154\042\123\237\133\120\205\233\133\232\214\024\145\271\172\013\154\102\211\343\000\050\176\247\145\160\211\343\154\325\000\051}{chapter.1}% 46
\BOOKMARK [2][]{subsection.1.19.1}{\376\377\0001\000.\0001\0009\000.\0001\000\040\003\246\145\271\172\013\166\204\154\102\211\343}{section.1.19}% 47
\BOOKMARK [2][]{subsection.1.19.2}{\376\377\0001\000.\0001\0009\000.\0002\000\040\003\230\145\271\172\013\166\204\154\102\211\343}{section.1.19}% 48
\BOOKMARK [2][]{subsection.1.19.3}{\376\377\0001\000.\0001\0009\000.\0003\000\040\000R\145\271\172\013\166\204\154\102\211\343}{section.1.19}% 49
\BOOKMARK [2][]{subsection.1.19.4}{\376\377\0001\000.\0001\0009\000.\0004\000\040\134\017\176\323}{section.1.19}% 50
\BOOKMARK [0][]{chapter.2}{\376\377\0002\000\040\120\205\221\314\123\366\123\330\143\142}{}% 51
\BOOKMARK [1][]{section.2.1}{\376\377\0002\000.\0001\000\040\120\205\221\314\123\366\123\330\143\142\166\204\220\350\122\006\166\370\121\163\151\202\137\365\123\312\140\047\215\050}{chapter.2}% 52
\BOOKMARK [2][]{subsection.2.1.1}{\376\377\0002\000.\0001\000.\0001\000\040\120\205\221\314\123\366\176\247\145\160}{section.2.1}% 53
\BOOKMARK [2][]{subsection.2.1.2}{\376\377\0002\000.\0001\000.\0002\000\040\120\205\221\314\123\366\171\357\122\006\133\232\164\006}{section.2.1}% 54
\BOOKMARK [2][]{subsection.2.1.3}{\376\377\0002\000.\0001\000.\0003\000\040\120\205\221\314\123\366\123\330\143\142\166\204\151\202\137\365}{section.2.1}% 55
\BOOKMARK [2][]{subsection.2.1.4}{\376\377\0002\000.\0001\000.\0004\000\040\003\264\121\375\145\160\123\312\121\166\120\205\221\314\123\366\123\330\143\142}{section.2.1}% 56
\BOOKMARK [2][]{subsection.2.1.5}{\376\377\0002\000.\0001\000.\0005\000\040\120\205\221\314\123\366\123\330\143\142\166\204\140\047\215\050}{section.2.1}% 57
\BOOKMARK [2][]{subsection.2.1.6}{\376\377\0002\000.\0001\000.\0006\000\040\123\167\171\357\116\016\123\167\171\357\133\232\164\006}{section.2.1}% 58
\BOOKMARK [2][]{subsection.2.1.7}{\376\377\0002\000.\0001\000.\0007\000\040\166\370\121\163\121\375\145\160}{section.2.1}% 59
\BOOKMARK [1][]{section.2.2}{\376\377\0002\000.\0002\000\040\120\205\221\314\123\366\123\330\143\142\166\204\136\224\165\050}{chapter.2}% 60
\BOOKMARK [2][]{subsection.2.2.1}{\376\377\0002\000.\0002\000.\0001\000\040\124\150\147\037\121\375\145\160\116\016\171\273\145\143\230\221\214\061}{section.2.2}% 61
\BOOKMARK [2][]{subsection.2.2.2}{\376\377\0002\000.\0002\000.\0002\000\040\227\136\124\150\147\037\121\375\145\160\116\016\217\336\176\355\230\221\214\061}{section.2.2}% 62
\BOOKMARK [0][]{chapter.3}{\376\377\0003\000\040\147\102\170\216}{}% 63
\BOOKMARK [1][]{section.3.1}{\376\377\0003\000.\0001\000\040\116\214\226\066\176\277\140\047\136\070\137\256\122\006\145\271\172\013\142\176\162\171\211\343}{chapter.3}% 64
\BOOKMARK [1][]{section.3.2}{\376\377\0003\000.\0002\000\040\000W\000r\000o\000n\000s\000k\000i\000a\000n\210\114\122\027\137\017\142\176\162\171\211\343}{chapter.3}% 65
\BOOKMARK [1][]{section.3.3}{\376\377\0003\000.\0003\000\040\000T\000S\000T\143\250\133\374}{chapter.3}% 66
\BOOKMARK [1][]{section.3.4}{\376\377\0003\000.\0004\000\040\226\217\147\072\156\070\215\160\127\107\145\271\147\053\172\357\215\335}{chapter.3}% 67
\BOOKMARK [1][]{section.3.5}{\376\377\0003\000.\0005\000\040\000L\000e\000g\000e\000n\000d\000r\000e\123\330\143\142}{chapter.3}% 68
\BOOKMARK [1][]{section.3.6}{\376\377\0003\000.\0006\000\040\176\335\160\355\210\150\214\141\124\214\220\017\160\355\210\150\214\141}{chapter.3}% 69
